<?xml version="1.0" encoding="UTF-8"?>
<!-- Generated by org.testng.reporters.JUnitReportReporter -->
<testsuite hostname="DESKTOP-JCJ8HOK" failures="0" tests="2" name="testng.CheckBox1" time="38.116" errors="0" timestamp="2024-04-18T09:32:39 IST" skipped="0">
  <testcase classname="testng.CheckBox1" name="checkboxTest" time="28.237"/>
  <system-out/>
  <testcase classname="testng.CheckBox1" name="checkboxTest" time="9.879"/>
  <system-out/>
</testsuite> <!-- testng.CheckBox1 -->
