<?xml version="1.0" encoding="UTF-8"?>
<!-- Generated by org.testng.reporters.JUnitReportReporter -->
<testsuite hostname="DESKTOP-JCJ8HOK" failures="0" tests="2" name="excelDataDriven.FaceBookFinalProgram" time="34.556" errors="0" timestamp="2024-05-08T09:22:41 IST" skipped="0">
  <testcase classname="excelDataDriven.FaceBookFinalProgram" name="f" time="7.117"/>
  <system-out/>
  <testcase classname="excelDataDriven.FaceBookFinalProgram" name="f" time="27.439"/>
  <system-out/>
</testsuite> <!-- excelDataDriven.FaceBookFinalProgram -->
