<?xml version="1.0" encoding="UTF-8"?>
<!-- Generated by org.testng.reporters.JUnitReportReporter -->
<testsuite hostname="DESKTOP-JCJ8HOK" failures="0" tests="1" name="testng.CheckBox1" time="14.910" errors="0" timestamp="2024-04-20T09:02:28 IST" skipped="0">
  <testcase classname="testng.CheckBox1" name="checkboxTest" time="14.910"/>
  <system-out/>
</testsuite> <!-- testng.CheckBox1 -->
