<?xml version="1.0" encoding="UTF-8"?>
<!-- Generated by org.testng.reporters.JUnitReportReporter -->
<testsuite hostname="DESKTOP-JCJ8HOK" failures="0" tests="6" name="testng.MethodsParallel" time="0.131" errors="0" timestamp="2024-04-19T09:29:29 IST" skipped="0">
  <testcase classname="testng.MethodsParallel" name="test4" time="0.027"/>
  <system-out/>
  <testcase classname="testng.MethodsParallel" name="test6" time="0.003"/>
  <system-out/>
  <testcase classname="testng.MethodsParallel" name="test2" time="0.026"/>
  <system-out/>
  <testcase classname="testng.MethodsParallel" name="test1" time="0.026"/>
  <system-out/>
  <testcase classname="testng.MethodsParallel" name="test5" time="0.026"/>
  <system-out/>
  <testcase classname="testng.MethodsParallel" name="test3" time="0.023"/>
  <system-out/>
</testsuite> <!-- testng.MethodsParallel -->
