<?xml version="1.0" encoding="UTF-8"?>
<!-- Generated by org.testng.reporters.JUnitReportReporter -->
<testsuite hostname="DESKTOP-JCJ8HOK" failures="0" tests="2" name="testng.RadioButton1" time="22.177" errors="0" timestamp="2024-04-18T09:32:39 IST" skipped="0">
  <testcase classname="testng.RadioButton1" name="radioButtonTest" time="16.231"/>
  <system-out/>
  <testcase classname="testng.RadioButton1" name="radioButtonTest" time="5.946"/>
  <system-out/>
</testsuite> <!-- testng.RadioButton1 -->
