<?xml version="1.0" encoding="UTF-8"?>
<!-- Generated by org.testng.reporters.JUnitReportReporter -->
<testsuite hostname="DESKTOP-JCJ8HOK" failures="0" tests="2" name="testng.NewTest1" time="0.046" errors="0" timestamp="2024-05-21T08:53:00 IST" skipped="0">
  <testcase classname="testng.NewTest1" name="f" time="0.035"/>
  <system-out/>
  <testcase classname="testng.NewTest1" name="g" time="0.011"/>
  <system-out/>
</testsuite> <!-- testng.NewTest1 -->
