<?xml version="1.0" encoding="UTF-8"?>
<!-- Generated by org.testng.reporters.JUnitReportReporter -->
<testsuite hostname="DESKTOP-JCJ8HOK" failures="0" tests="3" name="excelDataDriven.DataManagementwithHashTable" time="0.045" errors="0" timestamp="2024-05-08T09:08:46 IST" skipped="0">
  <testcase classname="excelDataDriven.DataManagementwithHashTable" name="f" time="0.011"/>
  <system-out/>
  <testcase classname="excelDataDriven.DataManagementwithHashTable" name="f" time="0.007"/>
  <system-out/>
  <testcase classname="excelDataDriven.DataManagementwithHashTable" name="f" time="0.027"/>
  <system-out/>
</testsuite> <!-- excelDataDriven.DataManagementwithHashTable -->
