<?xml version="1.0" encoding="UTF-8"?>
<!-- Generated by org.testng.reporters.JUnitReportReporter -->
<testsuite hostname="DESKTOP-JCJ8HOK" failures="0" tests="2" name="testng.TNG_002" time="31.990" errors="0" timestamp="2024-04-18T09:32:39 IST" skipped="0">
  <testcase classname="testng.TNG_002" name="amazon" time="12.060"/>
  <system-out/>
  <testcase classname="testng.TNG_002" name="amazon" time="19.930"/>
  <system-out/>
</testsuite> <!-- testng.TNG_002 -->
