<?xml version="1.0" encoding="UTF-8"?>
<!-- Generated by org.testng.reporters.JUnitReportReporter -->
<testsuite hostname="DESKTOP-JCJ8HOK" failures="0" tests="2" name="testng.LinksTesting1" time="29.067" errors="0" timestamp="2024-04-18T09:32:39 IST" skipped="0">
  <testcase classname="testng.LinksTesting1" name="linktesting1" time="6.356"/>
  <system-out>
    <![CDATA[Clicked on Image Link]]>
  </system-out>
  <testcase classname="testng.LinksTesting1" name="linktesting1" time="22.711"/>
  <system-out>
    <![CDATA[Clicked on Image Link]]>
  </system-out>
</testsuite> <!-- testng.LinksTesting1 -->
