<?xml version="1.0" encoding="UTF-8"?>
<!-- Generated by org.testng.reporters.JUnitReportReporter -->
<testsuite hostname="DESKTOP-JCJ8HOK" failures="0" tests="1" name="testng.NewTest" time="0.001" errors="0" timestamp="2024-04-18T09:07:31 IST" skipped="0">
  <testcase classname="testng.NewTest" name="f" time="0.001"/>
  <system-out/>
</testsuite> <!-- testng.NewTest -->
