<?xml version="1.0" encoding="UTF-8"?>
<!-- Generated by org.testng.reporters.JUnitReportReporter -->
<testsuite hostname="DESKTOP-JCJ8HOK" failures="0" tests="1" name="testng.LinksTesting1" time="12.257" errors="0" timestamp="2024-04-20T09:01:16 IST" skipped="0">
  <testcase classname="testng.LinksTesting1" name="linktesting1" time="12.257"/>
  <system-out>
    <![CDATA[Clicked on Image Link]]>
  </system-out>
</testsuite> <!-- testng.LinksTesting1 -->
