<?xml version="1.0" encoding="UTF-8"?>
<!-- Generated by org.testng.reporters.JUnitReportReporter -->
<testsuite hostname="DESKTOP-JCJ8HOK" failures="0" tests="1" name="suiteA.TestA1" time="2.014" errors="0" timestamp="2024-04-19T09:10:07 IST" skipped="0">
  <testcase classname="suiteA.TestA1" name="testA1" time="2.014"/>
  <system-out/>
</testsuite> <!-- suiteA.TestA1 -->
