<?xml version="1.0" encoding="UTF-8"?>
<!-- Generated by org.testng.reporters.JUnitReportReporter -->
<testsuite hostname="DESKTOP-JCJ8HOK" failures="0" tests="3" name="excelDataDriven.DataManagementwithDataProvider" time="0.038" errors="0" timestamp="2024-05-03T09:36:42 IST" skipped="0">
  <testcase classname="excelDataDriven.DataManagementwithDataProvider" name="f" time="0.021"/>
  <system-out/>
  <testcase classname="excelDataDriven.DataManagementwithDataProvider" name="f" time="0.009"/>
  <system-out/>
  <testcase classname="excelDataDriven.DataManagementwithDataProvider" name="f" time="0.008"/>
  <system-out/>
</testsuite> <!-- excelDataDriven.DataManagementwithDataProvider -->
