<?xml version="1.0" encoding="UTF-8"?>
<!-- Generated by org.testng.reporters.JUnitReportReporter -->
<testsuite hostname="DESKTOP-JCJ8HOK" failures="0" tests="2" name="excelDataDriven.DataManagementwithDataProvider" time="0.026" errors="0" timestamp="2024-05-08T08:45:45 IST" skipped="0">
  <testcase classname="excelDataDriven.DataManagementwithDataProvider" name="f" time="0.013"/>
  <system-out/>
  <testcase classname="excelDataDriven.DataManagementwithDataProvider" name="f" time="0.013"/>
  <system-out/>
</testsuite> <!-- excelDataDriven.DataManagementwithDataProvider -->
