<?xml version="1.0" encoding="UTF-8"?>
<!-- Generated by org.testng.reporters.JUnitReportReporter -->
<testsuite hostname="DESKTOP-JCJ8HOK" failures="0" tests="4" name="testng.TestDependency" time="0.029" errors="0" timestamp="2024-04-20T09:23:01 IST" skipped="2">
  <testcase classname="testng.TestDependency" name="orange" time="0.023"/>
  <system-out/>
  <testcase classname="testng.TestDependency" name="white" time="0.002"/>
  <system-out/>
  <testcase classname="testng.TestDependency" name="blue" time="0.004">
    <skipped/>
  </testcase> <!-- blue -->
  <system-out/>
  <testcase classname="testng.TestDependency" name="green" time="0.000">
    <skipped/>
  </testcase> <!-- green -->
  <system-out/>
</testsuite> <!-- testng.TestDependency -->
