<?xml version="1.0" encoding="UTF-8"?>
<!-- Generated by org.testng.reporters.JUnitReportReporter -->
<testsuite hostname="DESKTOP-JCJ8HOK" failures="0" tests="3" name="testng.TNG_001" time="0.034" errors="0" timestamp="2024-04-17T09:33:56 IST" skipped="1">
  <testcase classname="testng.TNG_001" name="f" time="0.018"/>
  <system-out/>
  <testcase classname="testng.TNG_001" name="a" time="0.016"/>
  <system-out/>
  <testcase classname="testng.TNG_001" name="z">
    <skipped/>
  </testcase> <!-- z -->
  <system-out/>
</testsuite> <!-- testng.TNG_001 -->
