<?xml version="1.0" encoding="UTF-8"?>
<!-- Generated by org.testng.reporters.JUnitReportReporter -->
<testsuite hostname="DESKTOP-JCJ8HOK" failures="0" tests="1" name="suiteB.TestB1" time="2.009" errors="0" timestamp="2024-04-19T09:10:07 IST" skipped="0">
  <testcase classname="suiteB.TestB1" name="testB1" time="2.009"/>
  <system-out/>
</testsuite> <!-- suiteB.TestB1 -->
