<?xml version="1.0" encoding="UTF-8"?>
<!-- Generated by org.testng.reporters.JUnitReportReporter -->
<testsuite hostname="DESKTOP-JCJ8HOK" failures="0" tests="1" name="pageobjectmodel.POM_001" time="15.537" errors="0" timestamp="2024-05-24T09:16:47 IST" skipped="0">
  <testcase classname="pageobjectmodel.POM_001" name="f" time="15.537"/>
  <system-out/>
</testsuite> <!-- pageobjectmodel.POM_001 -->
