<?xml version="1.0" encoding="UTF-8"?>
<!-- Generated by org.testng.reporters.JUnitReportReporter -->
<testsuite hostname="DESKTOP-JCJ8HOK" failures="0" tests="6" name="testngdataprovider.TestDataProvider" time="0.047" errors="0" timestamp="2024-04-26T09:03:21 IST" skipped="0">
  <testcase classname="testngdataprovider.TestDataProvider" name="createUser" time="0.006"/>
  <system-out/>
  <testcase classname="testngdataprovider.TestDataProvider" name="deleteUser" time="0.005"/>
  <system-out/>
  <testcase classname="testngdataprovider.TestDataProvider" name="createUser" time="0.022"/>
  <system-out/>
  <testcase classname="testngdataprovider.TestDataProvider" name="createUser" time="0.004"/>
  <system-out/>
  <testcase classname="testngdataprovider.TestDataProvider" name="deleteUser" time="0.007"/>
  <system-out/>
  <testcase classname="testngdataprovider.TestDataProvider" name="deleteUser" time="0.003"/>
  <system-out/>
</testsuite> <!-- testngdataprovider.TestDataProvider -->
