<?xml version="1.0" encoding="UTF-8"?>
<!-- Generated by org.testng.reporters.JUnitReportReporter -->
<testsuite hostname="DESKTOP-JCJ8HOK" failures="0" tests="2" name="assertionPack.OneTestValueToAnotherTest" time="0.040" errors="0" timestamp="2024-04-23T09:22:20 IST" skipped="0">
  <testcase classname="assertionPack.OneTestValueToAnotherTest" name="f2" time="0.009"/>
  <system-out/>
  <testcase classname="assertionPack.OneTestValueToAnotherTest" name="f1" time="0.031"/>
  <system-out/>
</testsuite> <!-- assertionPack.OneTestValueToAnotherTest -->
