<?xml version="1.0" encoding="UTF-8"?>
<!-- Generated by org.testng.reporters.JUnitReportReporter -->
<testsuite hostname="DESKTOP-JCJ8HOK" failures="0" tests="3" name="testng.TNG_001" time="0.025" errors="0" timestamp="2024-04-18T09:07:31 IST" skipped="1">
  <testcase classname="testng.TNG_001" name="f" time="0.020"/>
  <system-out/>
  <testcase classname="testng.TNG_001" name="a" time="0.005"/>
  <system-out/>
  <testcase classname="testng.TNG_001" name="z">
    <skipped/>
  </testcase> <!-- z -->
  <system-out/>
</testsuite> <!-- testng.TNG_001 -->
