<?xml version="1.0" encoding="UTF-8"?>
<!-- Generated by org.testng.reporters.JUnitReportReporter -->
<testsuite hostname="DESKTOP-JCJ8HOK" failures="0" tests="9" name="testng.TestUser" time="0.086" errors="0" timestamp="2024-04-26T09:17:22 IST" skipped="0">
  <testcase classname="testng.TestUser" name="updateUser" time="0.012"/>
  <system-out/>
  <testcase classname="testng.TestUser" name="deleteUser" time="0.017"/>
  <system-out/>
  <testcase classname="testng.TestUser" name="updateUser" time="0.005"/>
  <system-out/>
  <testcase classname="testng.TestUser" name="createUser" time="0.010"/>
  <system-out/>
  <testcase classname="testng.TestUser" name="createUser" time="0.002"/>
  <system-out/>
  <testcase classname="testng.TestUser" name="deleteUser" time="0.010"/>
  <system-out/>
  <testcase classname="testng.TestUser" name="createUser" time="0.018"/>
  <system-out/>
  <testcase classname="testng.TestUser" name="deleteUser" time="0.009"/>
  <system-out/>
  <testcase classname="testng.TestUser" name="updateUser" time="0.003"/>
  <system-out/>
</testsuite> <!-- testng.TestUser -->
