<?xml version="1.0" encoding="UTF-8"?>
<!-- Generated by org.testng.reporters.JUnitReportReporter -->
<testsuite hostname="DESKTOP-JCJ8HOK" failures="0" tests="2" name="excelDataDriven.DataManagementFinalVerion" time="0.025" errors="0" timestamp="2024-05-08T09:15:26 IST" skipped="0">
  <testcase classname="excelDataDriven.DataManagementFinalVerion" name="f" time="0.020"/>
  <system-out/>
  <testcase classname="excelDataDriven.DataManagementFinalVerion" name="f" time="0.005"/>
  <system-out/>
</testsuite> <!-- excelDataDriven.DataManagementFinalVerion -->
