<?xml version="1.0" encoding="UTF-8"?>
<!-- Generated by org.testng.reporters.JUnitReportReporter -->
<testsuite hostname="DESKTOP-JCJ8HOK" failures="0" tests="1" name="testng.TNG_002" time="13.580" errors="0" timestamp="2024-04-20T09:01:16 IST" skipped="0">
  <testcase classname="testng.TNG_002" name="amazon" time="13.580"/>
  <system-out/>
</testsuite> <!-- testng.TNG_002 -->
