<?xml version="1.0" encoding="UTF-8"?>
<!-- Generated by org.testng.reporters.JUnitReportReporter -->
<testsuite hostname="DESKTOP-JCJ8HOK" failures="0" tests="4" name="testcases.CustomerCommunication" time="0.018" errors="0" timestamp="2024-04-27T09:26:03 IST" skipped="0">
  <testcase classname="testcases.CustomerCommunication" name="checkEmailVerification" time="0.005"/>
  <system-out/>
  <testcase classname="testcases.CustomerCommunication" name="checkMobileVerification" time="0.003"/>
  <system-out/>
  <testcase classname="testcases.CustomerCommunication" name="checkEmailVerification" time="0.008"/>
  <system-out/>
  <testcase classname="testcases.CustomerCommunication" name="checkMobileVerification" time="0.002"/>
  <system-out/>
</testsuite> <!-- testcases.CustomerCommunication -->
