<?xml version="1.0" encoding="UTF-8"?>
<!-- Generated by org.testng.reporters.JUnitReportReporter -->
<testsuite hostname="DESKTOP-JCJ8HOK" failures="0" tests="2" name="testcases.Booking" time="0.024" errors="0" timestamp="2024-04-27T09:26:03 IST" skipped="0">
  <testcase classname="testcases.Booking" name="newBooking" time="0.020"/>
  <system-out/>
  <testcase classname="testcases.Booking" name="newBooking" time="0.004"/>
  <system-out/>
</testsuite> <!-- testcases.Booking -->
