<?xml version="1.0" encoding="UTF-8"?>
<!-- Generated by org.testng.reporters.JUnitReportReporter -->
<testsuite hostname="DESKTOP-JCJ8HOK" failures="0" tests="4" name="testcases.PaymentManagement" time="0.013" errors="0" timestamp="2024-04-27T09:26:03 IST" skipped="0">
  <testcase classname="testcases.PaymentManagement" name="makePayment" time="0.002"/>
  <system-out/>
  <testcase classname="testcases.PaymentManagement" name="applyDiscount" time="0.005"/>
  <system-out/>
  <testcase classname="testcases.PaymentManagement" name="applyDiscount" time="0.001"/>
  <system-out/>
  <testcase classname="testcases.PaymentManagement" name="makePayment" time="0.005"/>
  <system-out/>
</testsuite> <!-- testcases.PaymentManagement -->
